[21:31:59] [main/INFO]: Loading Minecraft 1.21.1 with Fabric Loader 0.16.3
[21:31:59] [main/INFO]: Loading 4 mods:
	- fabricloader 0.16.3
	   \-- mixinextras 0.4.1
	- java 21
	- minecraft 1.21.1
[21:31:59] [main/INFO]: SpongePowered MIXIN Subsystem Version=0.8.7 Source=file:/workspaces/pepe_el_grillo/servidor_minecraft/libraries/net/fabricmc/sponge-mixin/0.15.2+mixin.0.8.7/sponge-mixin-0.15.2+mixin.0.8.7.jar Service=Knot/Fabric Env=SERVER
[21:32:05] [main/INFO]: Environment: Environment[sessionHost=https://sessionserver.mojang.com, servicesHost=https://api.minecraftservices.com, name=PROD]
[21:32:06] [main/INFO]: No existing world data, creating new world
[21:32:06] [main/INFO]: Loaded 1290 recipes
[21:32:07] [main/INFO]: Loaded 1399 advancements
[21:32:07] [Server thread/INFO]: Starting minecraft server version 1.21.1
[21:32:07] [Server thread/INFO]: Loading properties
[21:32:07] [Server thread/INFO]: Default game type: SURVIVAL
[21:32:07] [Server thread/INFO]: Generating keypair
[21:32:07] [Server thread/INFO]: Starting Minecraft server on *:25565
[21:32:07] [Server thread/INFO]: Using epoll channel type
[21:32:07] [Server thread/WARN]: **** SERVER IS RUNNING IN OFFLINE/INSECURE MODE!
[21:32:07] [Server thread/WARN]: The server will make no attempt to authenticate usernames. Beware.
[21:32:07] [Server thread/WARN]: While this makes the game possible to play without internet access, it also opens up the ability for hackers to connect with any username they choose.
[21:32:07] [Server thread/WARN]: To change this, set "online-mode" to "true" in the server.properties file.
[21:32:07] [Server thread/INFO]: Preparing level "world"
[21:32:15] [Server thread/INFO]: Preparing start region for dimension minecraft:overworld
[21:32:15] [Worker-Main-2/INFO]: Preparing spawn area: 2%
[21:32:15] [Worker-Main-1/INFO]: Preparing spawn area: 2%
[21:32:16] [Worker-Main-2/INFO]: Preparing spawn area: 2%
[21:32:16] [Worker-Main-2/INFO]: Preparing spawn area: 2%
[21:32:17] [Worker-Main-2/INFO]: Preparing spawn area: 2%
[21:32:17] [Worker-Main-2/INFO]: Preparing spawn area: 18%
[21:32:18] [Worker-Main-2/INFO]: Preparing spawn area: 18%
[21:32:18] [Worker-Main-3/INFO]: Preparing spawn area: 18%
[21:32:19] [Worker-Main-3/INFO]: Preparing spawn area: 18%
[21:32:20] [Worker-Main-1/INFO]: Preparing spawn area: 51%
[21:32:20] [Worker-Main-1/INFO]: Preparing spawn area: 51%
[21:32:20] [Worker-Main-3/INFO]: Preparing spawn area: 51%
[21:32:21] [Worker-Main-1/INFO]: Preparing spawn area: 51%
[21:32:21] [Worker-Main-2/INFO]: Preparing spawn area: 51%
[21:32:22] [Worker-Main-3/INFO]: Preparing spawn area: 51%
[21:32:22] [Server thread/INFO]: Time elapsed: 7312 ms
[21:32:22] [Server thread/INFO]: Done (14.529s)! For help, type "help"
[21:39:28] [Server thread/INFO]: /advancement (grant|revoke)
[21:39:28] [Server thread/INFO]: /attribute <target> <attribute> (get|base|modifier)
[21:39:28] [Server thread/INFO]: /execute (run|if|unless|as|at|store|positioned|rotated|facing|align|anchored|in|summon|on)
[21:39:28] [Server thread/INFO]: /bossbar (add|remove|list|set|get)
[21:39:28] [Server thread/INFO]: /clear [<targets>]
[21:39:28] [Server thread/INFO]: /clone (<begin>|from)
[21:39:28] [Server thread/INFO]: /damage <target> <amount> [<damageType>]
[21:39:28] [Server thread/INFO]: /data (merge|get|remove|modify)
[21:39:28] [Server thread/INFO]: /datapack (enable|disable|list)
[21:39:28] [Server thread/INFO]: /debug (start|stop|function)
[21:39:28] [Server thread/INFO]: /defaultgamemode <gamemode>
[21:39:28] [Server thread/INFO]: /difficulty [peaceful|easy|normal|hard]
[21:39:28] [Server thread/INFO]: /effect (clear|give)
[21:39:28] [Server thread/INFO]: /me <action>
[21:39:28] [Server thread/INFO]: /enchant <targets> <enchantment> [<level>]
[21:39:28] [Server thread/INFO]: /experience (add|set|query)
[21:39:28] [Server thread/INFO]: /xp -> experience
[21:39:28] [Server thread/INFO]: /fill <from> <to> <block> [replace|keep|outline|hollow|destroy]
[21:39:28] [Server thread/INFO]: /fillbiome <from> <to> <biome> [replace]
[21:39:28] [Server thread/INFO]: /forceload (add|remove|query)
[21:39:28] [Server thread/INFO]: /function <name> [<arguments>|with]
[21:39:28] [Server thread/INFO]: /gamemode <gamemode> [<target>]
[21:39:28] [Server thread/INFO]: /gamerule (announceAdvancements|blockExplosionDropDecay|commandBlockOutput|commandModificationBlockLimit|disableElytraMovementCheck|disableRaids|doDaylightCycle|doEntityDrops|doFireTick|doImmediateRespawn|doInsomnia|doLimitedCrafting|doMobLoot|doMobSpawning|doPatrolSpawning|doTileDrops|doTraderSpawning|doVinesSpread|doWardenSpawning|doWeatherCycle|drowningDamage|enderPearlsVanishOnDeath|fallDamage|fireDamage|forgiveDeadPlayers|freezeDamage|globalSoundEvents|keepInventory|lavaSourceConversion|logAdminCommands|maxCommandChainLength|maxCommandForkCount|maxEntityCramming|mobExplosionDropDecay|mobGriefing|naturalRegeneration|playersNetherPortalCreativeDelay|playersNetherPortalDefaultDelay|playersSleepingPercentage|projectilesCanBreakBlocks|randomTickSpeed|reducedDebugInfo|sendCommandFeedback|showDeathMessages|snowAccumulationHeight|spawnChunkRadius|spawnRadius|spectatorsGenerateChunks|tntExplosionDropDecay|universalAnger|waterSourceConversion)
[21:39:28] [Server thread/INFO]: /give <targets> <item> [<count>]
[21:39:28] [Server thread/INFO]: /help [<command>]
[21:39:28] [Server thread/INFO]: /item (replace|modify)
[21:39:28] [Server thread/INFO]: /kick <targets> [<reason>]
[21:39:28] [Server thread/INFO]: /kill [<targets>]
[21:39:28] [Server thread/INFO]: /list [uuids]
[21:39:28] [Server thread/INFO]: /locate (structure|biome|poi)
[21:39:28] [Server thread/INFO]: /loot (replace|insert|give|spawn)
[21:39:28] [Server thread/INFO]: /msg <targets> <message>
[21:39:28] [Server thread/INFO]: /tell -> msg
[21:39:28] [Server thread/INFO]: /w -> msg
[21:39:28] [Server thread/INFO]: /particle <name> [<pos>]
[21:39:28] [Server thread/INFO]: /place (feature|jigsaw|structure|template)
[21:39:28] [Server thread/INFO]: /playsound <sound> [master|music|record|weather|block|hostile|neutral|player|ambient|voice]
[21:39:28] [Server thread/INFO]: /random (value|roll|reset)
[21:39:28] [Server thread/INFO]: /reload
[21:39:28] [Server thread/INFO]: /recipe (give|take)
[21:39:28] [Server thread/INFO]: /return (<value>|fail|run)
[21:39:28] [Server thread/INFO]: /ride <target> (mount|dismount)
[21:39:28] [Server thread/INFO]: /say <message>
[21:39:28] [Server thread/INFO]: /schedule (function|clear)
[21:39:28] [Server thread/INFO]: /scoreboard (objectives|players)
[21:39:28] [Server thread/INFO]: /seed
[21:39:28] [Server thread/INFO]: /setblock <pos> <block> [destroy|keep|replace]
[21:39:28] [Server thread/INFO]: /spawnpoint [<targets>]
[21:39:28] [Server thread/INFO]: /setworldspawn [<pos>]
[21:39:28] [Server thread/INFO]: /spectate [<target>]
[21:39:28] [Server thread/INFO]: /spreadplayers <center> <spreadDistance> <maxRange> (<respectTeams>|under)
[21:39:28] [Server thread/INFO]: /stopsound <targets> [*|master|music|record|weather|block|hostile|neutral|player|ambient|voice]
[21:39:28] [Server thread/INFO]: /summon <entity> [<pos>]
[21:39:28] [Server thread/INFO]: /tag <targets> (add|remove|list)
[21:39:28] [Server thread/INFO]: /team (list|add|remove|empty|join|leave|modify)
[21:39:28] [Server thread/INFO]: /teammsg <message>
[21:39:28] [Server thread/INFO]: /tm -> teammsg
[21:39:28] [Server thread/INFO]: /teleport (<location>|<destination>|<targets>)
[21:39:28] [Server thread/INFO]: /tp -> teleport
[21:39:28] [Server thread/INFO]: /tellraw <targets> <message>
[21:39:28] [Server thread/INFO]: /tick (query|rate|step|sprint|unfreeze|freeze)
[21:39:28] [Server thread/INFO]: /time (set|add|query)
[21:39:28] [Server thread/INFO]: /title <targets> (clear|reset|title|subtitle|actionbar|times)
[21:39:28] [Server thread/INFO]: /trigger <objective> [add|set]
[21:39:28] [Server thread/INFO]: /weather (clear|rain|thunder)
[21:39:28] [Server thread/INFO]: /worldborder (add|set|center|damage|get|warning)
[21:39:28] [Server thread/INFO]: /jfr (start|stop)
[21:39:28] [Server thread/INFO]: /ban-ip <target> [<reason>]
[21:39:28] [Server thread/INFO]: /banlist [ips|players]
[21:39:28] [Server thread/INFO]: /ban <targets> [<reason>]
[21:39:28] [Server thread/INFO]: /deop <targets>
[21:39:28] [Server thread/INFO]: /op <targets>
[21:39:28] [Server thread/INFO]: /pardon <targets>
[21:39:28] [Server thread/INFO]: /pardon-ip <target>
[21:39:28] [Server thread/INFO]: /perf (start|stop)
[21:39:28] [Server thread/INFO]: /save-all [flush]
[21:39:28] [Server thread/INFO]: /save-off
[21:39:28] [Server thread/INFO]: /save-on
[21:39:28] [Server thread/INFO]: /setidletimeout <minutes>
[21:39:28] [Server thread/INFO]: /stop
[21:39:28] [Server thread/INFO]: /transfer <hostname> [<port>]
[21:39:28] [Server thread/INFO]: /whitelist (on|off|list|add|remove|reload)
